<?xml version="1.0" encoding="UTF-8"?>
<testng-results total="1" passed="1" failed="0" skipped="0">
  <reporter-output>
  </reporter-output>
  <suite started-at="2019-10-16T19:41:24Z" name="Default suite" finished-at="2019-10-16T19:41:29Z" duration-ms="5284">
    <groups>
    </groups>
    <test started-at="2019-10-16T19:41:24Z" name="Default test" finished-at="2019-10-16T19:41:29Z" duration-ms="5284">
      <class name="google.GoogleForm">
        <test-method is-config="true" signature="initialize()[pri:0, instance:google.GoogleForm@23a5fd2]" started-at="2019-10-16T22:41:24Z" name="initialize" finished-at="2019-10-16T22:41:28Z" duration-ms="4140" status="PASS">
          <reporter-output>
          </reporter-output>
        </test-method> <!-- initialize -->
        <test-method signature="shopTest()[pri:0, instance:google.GoogleForm@23a5fd2]" started-at="2019-10-16T22:41:28Z" name="shopTest" finished-at="2019-10-16T22:41:29Z" duration-ms="1052" status="PASS">
          <reporter-output>
          </reporter-output>
        </test-method> <!-- shopTest -->
        <test-method is-config="true" signature="tearDown()[pri:0, instance:google.GoogleForm@23a5fd2]" started-at="2019-10-16T22:41:29Z" name="tearDown" finished-at="2019-10-16T22:41:29Z" duration-ms="80" status="PASS">
          <reporter-output>
          </reporter-output>
        </test-method> <!-- tearDown -->
      </class> <!-- google.GoogleForm -->
    </test> <!-- Default test -->
  </suite> <!-- Default suite -->
</testng-results>
